<?xml version="1.0" encoding="UTF-8"?>
<!-- Generated by org.testng.reporters.JUnitXMLReporter -->
<testsuite hostname="Megh-Laptop" ignored="2" name="Surefire test" tests="3" failures="0" timestamp="2020-03-26T18:22:05 GMT" time="43.451" errors="0">
  <testcase name="printPriceForEachProduct" time="0.295" classname="org.example.TestSuit"/>
  <testcase name="userShouldAbleToRegisterSuccessfully" time="10.082" classname="org.example.TestSuit"/>
  <testcase name="userShouldBeAbleToCurrencyChange" time="10.256" classname="org.example.TestSuit"/>
  <testcase name="@AfterTest closeBrowser" time="0.0" classname="org.example.BaseTest">
    <ignored/>
  </testcase> <!-- @AfterTest closeBrowser -->
  <testcase name="@BeforeTest openBrowser" time="0.0" classname="org.example.BaseTest">
    <ignored/>
  </testcase> <!-- @BeforeTest openBrowser -->
</testsuite> <!-- Surefire test -->
